<?xml version='1.0'?>
<ns2:test-suite xmlns:ns2='urn:model.allure.qatools.yandex.ru' start='1635100165037' stop='1635100238418'>
    <name>Checking navbar in Mainpage</name>
    <title>Checking navbar in Mainpage</title>
    <test-cases>
        <test-case start='1635100165038' status='failed' stop='1635100195049'>
            <name>ClickOnEveryLinkOnNavbarAsWoman</name>
            <title>ClickOnEveryLinkOnNavbarAsWoman</title>
            <labels/>
            <parameters/>
            <steps/>
            <attachments/>
            <failure>
                <message>: Timeout - Async callback was not invoked within the 30000 ms timeout specified by jest.setTimeout.</message>
                <stack-trace>Timeout - Async callback was not invoked within the 30000 ms timeout specified by jest.setTimeout.Error: 
                    at new Spec (/Users/a123/Desktop/italbazar autotests/node_modules/jest-jasmine2/build/jasmine/Spec.js:116:22)
                    at new Spec (/Users/a123/Desktop/italbazar autotests/node_modules/jest-jasmine2/build/setup_jest_globals.js:78:9)
                    at specFactory (/Users/a123/Desktop/italbazar autotests/node_modules/jest-jasmine2/build/jasmine/Env.js:484:22)
                    at Env.it (/Users/a123/Desktop/italbazar autotests/node_modules/jest-jasmine2/build/jasmine/Env.js:553:22)
                    at Env.it (/Users/a123/Desktop/italbazar autotests/node_modules/jest-jasmine2/build/jasmineAsyncInstall.js:201:23)
                    at it (/Users/a123/Desktop/italbazar autotests/node_modules/jest-jasmine2/build/jasmine/jasmineLight.js:100:21)
                    at Suite.&lt;anonymous> (/Users/a123/Desktop/italbazar autotests/tests/checking-navbar-Mainpage.test.js:16:5)
                    at addSpecsToSuite (/Users/a123/Desktop/italbazar autotests/node_modules/jest-jasmine2/build/jasmine/Env.js:433:49)
                    at Env.describe (/Users/a123/Desktop/italbazar autotests/node_modules/jest-jasmine2/build/jasmine/Env.js:403:9)
                    at describe (/Users/a123/Desktop/italbazar autotests/node_modules/jest-jasmine2/build/jasmine/jasmineLight.js:88:18)</stack-trace>
            </failure>
        </test-case>
        <test-case start='1635100195049' status='failed' stop='1635100225051'>
            <name>ClickOnEveryLinkOnNavbarAsMan</name>
            <title>ClickOnEveryLinkOnNavbarAsMan</title>
            <labels/>
            <parameters/>
            <steps/>
            <attachments/>
            <failure>
                <message>assert.strictEqual(received, expected)
                
                Expected value to strictly be equal to:
                  "https://www.staging.italbazar.ru/catalog/dlya_detey/dlya_devochek/"
                Received:
                  "https://www.staging.italbazar.ru/catalog/dlya_detey/dlya_malchikov/"
                
                Message:
                  expected 'https://www.staging.italbazar.ru/catalog/dlya_detey/dlya_malchikov/' to equal 'https://www.staging.italbazar.ru/catalog/dlya_detey/dlya_devochek/'
                
                Difference:
                
                - Expected
                + Received
                
                - https://www.staging.italbazar.ru/catalog/dlya_detey/dlya_devochek/
                + https://www.staging.italbazar.ru/catalog/dlya_detey/dlya_malchikov/
                    at Navbar.clickOnForGirls (/Users/a123/Desktop/italbazar autotests/elements/Navbar.js:56:24)
                    at runMicrotasks (&lt;anonymous>)
                    at processTicksAndRejections (internal/process/task_queues.js:95:5)
                    at Object.&lt;anonymous> (/Users/a123/Desktop/italbazar autotests/tests/checking-navbar-Mainpage.test.js:23:9)</message>
                <stack-trace>Error: assert.strictEqual(received, expected)
                
                Expected value to strictly be equal to:
                  "https://www.staging.italbazar.ru/catalog/dlya_detey/dlya_devochek/"
                Received:
                  "https://www.staging.italbazar.ru/catalog/dlya_detey/dlya_malchikov/"
                
                Message:
                  expected 'https://www.staging.italbazar.ru/catalog/dlya_detey/dlya_malchikov/' to equal 'https://www.staging.italbazar.ru/catalog/dlya_detey/dlya_devochek/'
                
                Difference:
                
                - Expected
                + Received
                
                - https://www.staging.italbazar.ru/catalog/dlya_detey/dlya_devochek/
                + https://www.staging.italbazar.ru/catalog/dlya_detey/dlya_malchikov/
                    at Navbar.clickOnForGirls (/Users/a123/Desktop/italbazar autotests/elements/Navbar.js:56:24)
                    at runMicrotasks (&lt;anonymous>)
                    at processTicksAndRejections (internal/process/task_queues.js:95:5)
                    at Object.&lt;anonymous> (/Users/a123/Desktop/italbazar autotests/tests/checking-navbar-Mainpage.test.js:23:9)
                    at Env.fail (/Users/a123/Desktop/italbazar autotests/node_modules/jest-jasmine2/build/jasmine/Env.js:695:59)
                    at Function.next.fail (/Users/a123/Desktop/italbazar autotests/node_modules/jest-jasmine2/build/queueRunner.js:84:22)
                    at /Users/a123/Desktop/italbazar autotests/node_modules/jest-jasmine2/build/jasmineAsyncInstall.js:187:18
                    at runMicrotasks (&lt;anonymous>)
                    at processTicksAndRejections (internal/process/task_queues.js:95:5)</stack-trace>
            </failure>
        </test-case>
        <test-case start='1635100225051' status='passed' stop='1635100229090'>
            <name>CheckMiddleNavbar</name>
            <title>CheckMiddleNavbar</title>
            <labels/>
            <parameters/>
            <steps/>
            <attachments/>
        </test-case>
        <test-case start='1635100229090' status='failed' stop='1635100238418'>
            <name>CheckingOtherLinksInNavbar</name>
            <title>CheckingOtherLinksInNavbar</title>
            <labels/>
            <parameters/>
            <steps/>
            <attachments/>
            <failure>
                <message>assert.strictEqual(received, expected)
                
                Expected value to strictly be equal to:
                  "https://www.staging.italbazar.ru/catalog/odezhda/muzhskaya/"
                Received:
                  "https://www.staging.italbazar.ru/catalog/dlya_doma/"
                
                Message:
                  expected 'https://www.staging.italbazar.ru/catalog/dlya_doma/' to equal 'https://www.staging.italbazar.ru/catalog/odezhda/muzhskaya/'
                
                Difference:
                
                - Expected
                + Received
                
                - https://www.staging.italbazar.ru/catalog/odezhda/muzhskaya/
                + https://www.staging.italbazar.ru/catalog/dlya_doma/
                    at Navbar.clickOnClothesMan (/Users/a123/Desktop/italbazar autotests/elements/Navbar.js:84:24)
                    at runMicrotasks (&lt;anonymous>)
                    at processTicksAndRejections (internal/process/task_queues.js:95:5)
                    at Object.&lt;anonymous> (/Users/a123/Desktop/italbazar autotests/tests/checking-navbar-Mainpage.test.js:29:9)</message>
                <stack-trace>Error: assert.strictEqual(received, expected)
                
                Expected value to strictly be equal to:
                  "https://www.staging.italbazar.ru/catalog/odezhda/muzhskaya/"
                Received:
                  "https://www.staging.italbazar.ru/catalog/dlya_doma/"
                
                Message:
                  expected 'https://www.staging.italbazar.ru/catalog/dlya_doma/' to equal 'https://www.staging.italbazar.ru/catalog/odezhda/muzhskaya/'
                
                Difference:
                
                - Expected
                + Received
                
                - https://www.staging.italbazar.ru/catalog/odezhda/muzhskaya/
                + https://www.staging.italbazar.ru/catalog/dlya_doma/
                    at Navbar.clickOnClothesMan (/Users/a123/Desktop/italbazar autotests/elements/Navbar.js:84:24)
                    at runMicrotasks (&lt;anonymous>)
                    at processTicksAndRejections (internal/process/task_queues.js:95:5)
                    at Object.&lt;anonymous> (/Users/a123/Desktop/italbazar autotests/tests/checking-navbar-Mainpage.test.js:29:9)
                    at Env.fail (/Users/a123/Desktop/italbazar autotests/node_modules/jest-jasmine2/build/jasmine/Env.js:695:59)
                    at Function.next.fail (/Users/a123/Desktop/italbazar autotests/node_modules/jest-jasmine2/build/queueRunner.js:84:22)
                    at /Users/a123/Desktop/italbazar autotests/node_modules/jest-jasmine2/build/jasmineAsyncInstall.js:187:18
                    at runMicrotasks (&lt;anonymous>)
                    at processTicksAndRejections (internal/process/task_queues.js:95:5)</stack-trace>
            </failure>
        </test-case>
    </test-cases>
</ns2:test-suite>