<?xml version='1.0'?>
<ns2:test-suite xmlns:ns2='urn:model.allure.qatools.yandex.ru' start='1635100610588' stop='1635100685344'>
    <name>Checking navbar in Mainpage</name>
    <title>Checking navbar in Mainpage</title>
    <test-cases>
        <test-case start='1635100610589' status='failed' stop='1635100640594'>
            <name>ClickOnEveryLinkOnNavbarAsWoman</name>
            <title>ClickOnEveryLinkOnNavbarAsWoman</title>
            <labels/>
            <parameters/>
            <steps/>
            <attachments/>
            <failure>
                <message>: Timeout - Async callback was not invoked within the 30000 ms timeout specified by jest.setTimeout.</message>
                <stack-trace>Timeout - Async callback was not invoked within the 30000 ms timeout specified by jest.setTimeout.Error: 
                    at new Spec (/Users/a123/Desktop/italbazar autotests/node_modules/jest-jasmine2/build/jasmine/Spec.js:116:22)
                    at new Spec (/Users/a123/Desktop/italbazar autotests/node_modules/jest-jasmine2/build/setup_jest_globals.js:78:9)
                    at specFactory (/Users/a123/Desktop/italbazar autotests/node_modules/jest-jasmine2/build/jasmine/Env.js:484:22)
                    at Env.it (/Users/a123/Desktop/italbazar autotests/node_modules/jest-jasmine2/build/jasmine/Env.js:553:22)
                    at Env.it (/Users/a123/Desktop/italbazar autotests/node_modules/jest-jasmine2/build/jasmineAsyncInstall.js:201:23)
                    at it (/Users/a123/Desktop/italbazar autotests/node_modules/jest-jasmine2/build/jasmine/jasmineLight.js:100:21)
                    at Suite.&lt;anonymous> (/Users/a123/Desktop/italbazar autotests/tests/checking-navbar-Mainpage.test.js:16:5)
                    at addSpecsToSuite (/Users/a123/Desktop/italbazar autotests/node_modules/jest-jasmine2/build/jasmine/Env.js:433:49)
                    at Env.describe (/Users/a123/Desktop/italbazar autotests/node_modules/jest-jasmine2/build/jasmine/Env.js:403:9)
                    at describe (/Users/a123/Desktop/italbazar autotests/node_modules/jest-jasmine2/build/jasmine/jasmineLight.js:88:18)</stack-trace>
            </failure>
        </test-case>
        <test-case start='1635100640594' status='failed' stop='1635100670595'>
            <name>ClickOnEveryLinkOnNavbarAsMan</name>
            <title>ClickOnEveryLinkOnNavbarAsMan</title>
            <labels/>
            <parameters/>
            <steps/>
            <attachments/>
            <failure>
                <message>assert.strictEqual(received, expected)
                
                Expected value to strictly be equal to:
                  "https://www.staging.italbazar.ru/catalog/obuv/zhenskaya/"
                Received:
                  "https://www.staging.italbazar.ru/catalog/odezhda/muzhskaya/"
                
                Message:
                  expected 'https://www.staging.italbazar.ru/catalog/odezhda/muzhskaya/' to equal 'https://www.staging.italbazar.ru/catalog/obuv/zhenskaya/'
                
                Difference:
                
                - Expected
                + Received
                
                - https://www.staging.italbazar.ru/catalog/obuv/zhenskaya/
                + https://www.staging.italbazar.ru/catalog/odezhda/muzhskaya/
                    at Navbar.clickOnShoes (/Users/a123/Desktop/italbazar autotests/elements/Navbar.js:31:24)
                    at processTicksAndRejections (internal/process/task_queues.js:95:5)
                    at Object.&lt;anonymous> (/Users/a123/Desktop/italbazar autotests/tests/checking-navbar-Mainpage.test.js:21:9)</message>
                <stack-trace>Error: assert.strictEqual(received, expected)
                
                Expected value to strictly be equal to:
                  "https://www.staging.italbazar.ru/catalog/obuv/zhenskaya/"
                Received:
                  "https://www.staging.italbazar.ru/catalog/odezhda/muzhskaya/"
                
                Message:
                  expected 'https://www.staging.italbazar.ru/catalog/odezhda/muzhskaya/' to equal 'https://www.staging.italbazar.ru/catalog/obuv/zhenskaya/'
                
                Difference:
                
                - Expected
                + Received
                
                - https://www.staging.italbazar.ru/catalog/obuv/zhenskaya/
                + https://www.staging.italbazar.ru/catalog/odezhda/muzhskaya/
                    at Navbar.clickOnShoes (/Users/a123/Desktop/italbazar autotests/elements/Navbar.js:31:24)
                    at processTicksAndRejections (internal/process/task_queues.js:95:5)
                    at Object.&lt;anonymous> (/Users/a123/Desktop/italbazar autotests/tests/checking-navbar-Mainpage.test.js:21:9)
                    at Env.fail (/Users/a123/Desktop/italbazar autotests/node_modules/jest-jasmine2/build/jasmine/Env.js:695:59)
                    at Function.next.fail (/Users/a123/Desktop/italbazar autotests/node_modules/jest-jasmine2/build/queueRunner.js:84:22)
                    at /Users/a123/Desktop/italbazar autotests/node_modules/jest-jasmine2/build/jasmineAsyncInstall.js:187:18
                    at processTicksAndRejections (internal/process/task_queues.js:95:5)</stack-trace>
            </failure>
        </test-case>
        <test-case start='1635100670596' status='failed' stop='1635100674207'>
            <name>CheckMiddleNavbar</name>
            <title>CheckMiddleNavbar</title>
            <labels/>
            <parameters/>
            <steps/>
            <attachments/>
            <failure>
                <message>Error: net::ERR_ABORTED at https://www.staging.italbazar.ru</message>
                <stack-trace>Error: net::ERR_ABORTED at https://www.staging.italbazar.ru
                    at navigate (/Users/a123/Desktop/italbazar autotests/node_modules/puppeteer/src/common/FrameManager.ts:191:13)
                    at runMicrotasks (&lt;anonymous>)
                    at processTicksAndRejections (internal/process/task_queues.js:95:5)
                    at FrameManager.navigateFrame (/Users/a123/Desktop/italbazar autotests/node_modules/puppeteer/src/common/FrameManager.ts:161:17)
                    at Frame.goto (/Users/a123/Desktop/italbazar autotests/node_modules/puppeteer/src/common/FrameManager.ts:643:12)
                    at Page.goto (/Users/a123/Desktop/italbazar autotests/node_modules/puppeteer/src/common/Page.ts:1734:12)
                    at MainPage.visit (/Users/a123/Desktop/italbazar autotests/pages/MainPage.js:8:9)
                    at Navbar.clickOnNewProductsAsMan (/Users/a123/Desktop/italbazar autotests/elements/Navbar.js:130:9)
                    at Object.&lt;anonymous> (/Users/a123/Desktop/italbazar autotests/tests/checking-navbar-Mainpage.test.js:33:9)</stack-trace>
            </failure>
        </test-case>
        <test-case start='1635100674207' status='failed' stop='1635100685344'>
            <name>CheckingOtherLinksInNavbar</name>
            <title>CheckingOtherLinksInNavbar</title>
            <labels/>
            <parameters/>
            <steps/>
            <attachments/>
            <failure>
                <message>assert.strictEqual(received, expected)
                
                Expected value to strictly be equal to:
                  true
                Received:
                  false
                
                Message:
                  expected false to be true
                    at Navbar.clickOnBrands (/Users/a123/Desktop/italbazar autotests/elements/Navbar.js:118:9)
                    at Object.&lt;anonymous> (/Users/a123/Desktop/italbazar autotests/tests/checking-navbar-Mainpage.test.js:44:9)</message>
                <stack-trace>Error: assert.strictEqual(received, expected)
                
                Expected value to strictly be equal to:
                  true
                Received:
                  false
                
                Message:
                  expected false to be true
                    at Navbar.clickOnBrands (/Users/a123/Desktop/italbazar autotests/elements/Navbar.js:118:9)
                    at Object.&lt;anonymous> (/Users/a123/Desktop/italbazar autotests/tests/checking-navbar-Mainpage.test.js:44:9)
                    at Env.fail (/Users/a123/Desktop/italbazar autotests/node_modules/jest-jasmine2/build/jasmine/Env.js:695:59)
                    at Function.next.fail (/Users/a123/Desktop/italbazar autotests/node_modules/jest-jasmine2/build/queueRunner.js:84:22)
                    at /Users/a123/Desktop/italbazar autotests/node_modules/jest-jasmine2/build/jasmineAsyncInstall.js:187:18</stack-trace>
            </failure>
        </test-case>
    </test-cases>
</ns2:test-suite>