<?xml version='1.0'?>
<ns2:test-suite xmlns:ns2='urn:model.allure.qatools.yandex.ru' start='1635100506757' stop='1635100557349'>
    <name>Checking popular container in Mainpage</name>
    <title>Checking popular container in Mainpage</title>
    <test-cases>
        <test-case start='1635100506758' status='failed' stop='1635100536772'>
            <name>Check that Popular continer is displayed</name>
            <title>Check that Popular continer is displayed</title>
            <labels/>
            <parameters/>
            <steps/>
            <attachments/>
            <failure>
                <message>TimeoutError: Navigation timeout of 30000 ms exceeded</message>
                <stack-trace>TimeoutError: Navigation timeout of 30000 ms exceeded
                    at /Users/a123/Desktop/italbazar autotests/node_modules/puppeteer/src/common/LifecycleWatcher.ts:204:18
                    at runNextTicks (internal/process/task_queues.js:60:5)
                    at listOnTimeout (internal/timers.js:526:9)
                    at processTimers (internal/timers.js:500:7)</stack-trace>
            </failure>
        </test-case>
        <test-case start='1635100536772' status='passed' stop='1635100536784'>
            <name>Check title of Popular container</name>
            <title>Check title of Popular container</title>
            <labels/>
            <parameters/>
            <steps/>
            <attachments/>
        </test-case>
        <test-case start='1635100536784' status='failed' stop='1635100539837'>
            <name>Check hover of product is displayed</name>
            <title>Check hover of product is displayed</title>
            <labels/>
            <parameters/>
            <steps/>
            <attachments/>
            <failure>
                <message>assert.strictEqual(received, expected)
                
                Expected value to strictly be equal to:
                  true
                Received:
                  false
                
                Message:
                  expected false to be true
                    at Popular.checkHoverOfProduct (/Users/a123/Desktop/italbazar autotests/elements/Popular.js:25:9)
                    at Object.&lt;anonymous> (/Users/a123/Desktop/italbazar autotests/tests/checking-popular-MainPage.test.js:32:9)</message>
                <stack-trace>Error: assert.strictEqual(received, expected)
                
                Expected value to strictly be equal to:
                  true
                Received:
                  false
                
                Message:
                  expected false to be true
                    at Popular.checkHoverOfProduct (/Users/a123/Desktop/italbazar autotests/elements/Popular.js:25:9)
                    at Object.&lt;anonymous> (/Users/a123/Desktop/italbazar autotests/tests/checking-popular-MainPage.test.js:32:9)
                    at Env.fail (/Users/a123/Desktop/italbazar autotests/node_modules/jest-jasmine2/build/jasmine/Env.js:695:59)
                    at Function.next.fail (/Users/a123/Desktop/italbazar autotests/node_modules/jest-jasmine2/build/queueRunner.js:84:22)
                    at /Users/a123/Desktop/italbazar autotests/node_modules/jest-jasmine2/build/jasmineAsyncInstall.js:187:18</stack-trace>
            </failure>
        </test-case>
        <test-case start='1635100539837' status='pending' stop='1635100539837'>
            <name>Check transition to product card</name>
            <title>Check transition to product card</title>
            <labels/>
            <parameters/>
            <steps/>
            <attachments/>
            <failure>
                <message>Temporarily disabled with xit</message>
                <stack-trace>undefined</stack-trace>
            </failure>
        </test-case>
        <test-case start='1635100539837' status='passed' stop='1635100557349'>
            <name>Check About button in popular section</name>
            <title>Check About button in popular section</title>
            <labels/>
            <parameters/>
            <steps/>
            <attachments/>
        </test-case>
    </test-cases>
</ns2:test-suite>