<?xml version='1.0'?>
<ns2:test-suite xmlns:ns2='urn:model.allure.qatools.yandex.ru' start='1635100506562' stop='1635100561402'>
    <name>Checking navbar in Mainpage</name>
    <title>Checking navbar in Mainpage</title>
    <test-cases>
        <test-case start='1635100506563' status='failed' stop='1635100536572'>
            <name>ClickOnEveryLinkOnNavbarAsWoman</name>
            <title>ClickOnEveryLinkOnNavbarAsWoman</title>
            <labels/>
            <parameters/>
            <steps/>
            <attachments/>
            <failure>
                <message>: Timeout - Async callback was not invoked within the 30000 ms timeout specified by jest.setTimeout.</message>
                <stack-trace>Timeout - Async callback was not invoked within the 30000 ms timeout specified by jest.setTimeout.Error: 
                    at new Spec (/Users/a123/Desktop/italbazar autotests/node_modules/jest-jasmine2/build/jasmine/Spec.js:116:22)
                    at new Spec (/Users/a123/Desktop/italbazar autotests/node_modules/jest-jasmine2/build/setup_jest_globals.js:78:9)
                    at specFactory (/Users/a123/Desktop/italbazar autotests/node_modules/jest-jasmine2/build/jasmine/Env.js:484:22)
                    at Env.it (/Users/a123/Desktop/italbazar autotests/node_modules/jest-jasmine2/build/jasmine/Env.js:553:22)
                    at Env.it (/Users/a123/Desktop/italbazar autotests/node_modules/jest-jasmine2/build/jasmineAsyncInstall.js:201:23)
                    at it (/Users/a123/Desktop/italbazar autotests/node_modules/jest-jasmine2/build/jasmine/jasmineLight.js:100:21)
                    at Suite.&lt;anonymous> (/Users/a123/Desktop/italbazar autotests/tests/checking-navbar-Mainpage.test.js:16:5)
                    at addSpecsToSuite (/Users/a123/Desktop/italbazar autotests/node_modules/jest-jasmine2/build/jasmine/Env.js:433:49)
                    at Env.describe (/Users/a123/Desktop/italbazar autotests/node_modules/jest-jasmine2/build/jasmine/Env.js:403:9)
                    at describe (/Users/a123/Desktop/italbazar autotests/node_modules/jest-jasmine2/build/jasmine/jasmineLight.js:88:18)</stack-trace>
            </failure>
        </test-case>
        <test-case start='1635100536572' status='failed' stop='1635100561392'>
            <name>ClickOnEveryLinkOnNavbarAsMan</name>
            <title>ClickOnEveryLinkOnNavbarAsMan</title>
            <labels/>
            <parameters/>
            <steps/>
            <attachments/>
            <failure>
                <message>TimeoutError: waiting for selector `.desktop_page_h1__2Jzco` failed: timeout 30000ms exceeded</message>
                <stack-trace>TimeoutError: waiting for selector `.desktop_page_h1__2Jzco` failed: timeout 30000ms exceeded
                    at new WaitTask (/Users/a123/Desktop/italbazar autotests/node_modules/puppeteer/src/common/DOMWorld.ts:788:28)
                    at DOMWorld.waitForSelectorInPage (/Users/a123/Desktop/italbazar autotests/node_modules/puppeteer/src/common/DOMWorld.ts:642:22)
                    at Object.internalHandler.waitFor (/Users/a123/Desktop/italbazar autotests/node_modules/puppeteer/src/common/QueryHandler.ts:78:19)
                    at DOMWorld.waitForSelector (/Users/a123/Desktop/italbazar autotests/node_modules/puppeteer/src/common/DOMWorld.ts:500:25)
                    at Frame.waitForSelector (/Users/a123/Desktop/italbazar autotests/node_modules/puppeteer/src/common/FrameManager.ts:1161:47)
                    at Page.waitForSelector (/Users/a123/Desktop/italbazar autotests/node_modules/puppeteer/src/common/Page.ts:3127:29)
                    at Navbar.clickOnClothes (/Users/a123/Desktop/italbazar autotests/elements/Navbar.js:22:20)
                    at processTicksAndRejections (internal/process/task_queues.js:95:5)
                    at Object.&lt;anonymous> (/Users/a123/Desktop/italbazar autotests/tests/checking-navbar-Mainpage.test.js:20:9)</stack-trace>
            </failure>
        </test-case>
        <test-case start='1635100561392' status='failed' stop='1635100561398'>
            <name>CheckMiddleNavbar</name>
            <title>CheckMiddleNavbar</title>
            <labels/>
            <parameters/>
            <steps/>
            <attachments/>
            <failure>
                <message>Error: Protocol error (Page.navigate): Session closed. Most likely the page has been closed.</message>
                <stack-trace>Error: Protocol error (Page.navigate): Session closed. Most likely the page has been closed.
                    at CDPSession.send (/Users/a123/Desktop/italbazar autotests/node_modules/puppeteer/src/common/Connection.ts:276:9)
                    at navigate (/Users/a123/Desktop/italbazar autotests/node_modules/puppeteer/src/common/FrameManager.ts:184:39)
                    at FrameManager.navigateFrame (/Users/a123/Desktop/italbazar autotests/node_modules/puppeteer/src/common/FrameManager.ts:162:7)
                    at Frame.goto (/Users/a123/Desktop/italbazar autotests/node_modules/puppeteer/src/common/FrameManager.ts:643:37)
                    at Page.goto (/Users/a123/Desktop/italbazar autotests/node_modules/puppeteer/src/common/Page.ts:1734:49)
                    at MainPage.visit (/Users/a123/Desktop/italbazar autotests/pages/MainPage.js:8:20)
                    at Object.&lt;anonymous> (/Users/a123/Desktop/italbazar autotests/tests/checking-navbar-Mainpage.test.js:36:24)
                    at Object.asyncJestTest (/Users/a123/Desktop/italbazar autotests/node_modules/jest-jasmine2/build/jasmineAsyncInstall.js:173:37)
                    at /Users/a123/Desktop/italbazar autotests/node_modules/jest-jasmine2/build/queueRunner.js:89:12
                    at new Promise (&lt;anonymous>)</stack-trace>
            </failure>
        </test-case>
        <test-case start='1635100561398' status='failed' stop='1635100561401'>
            <name>CheckingOtherLinksInNavbar</name>
            <title>CheckingOtherLinksInNavbar</title>
            <labels/>
            <parameters/>
            <steps/>
            <attachments/>
            <failure>
                <message>Error: Protocol error (Page.navigate): Session closed. Most likely the page has been closed.</message>
                <stack-trace>Error: Protocol error (Page.navigate): Session closed. Most likely the page has been closed.
                    at CDPSession.send (/Users/a123/Desktop/italbazar autotests/node_modules/puppeteer/src/common/Connection.ts:276:9)
                    at navigate (/Users/a123/Desktop/italbazar autotests/node_modules/puppeteer/src/common/FrameManager.ts:184:39)
                    at FrameManager.navigateFrame (/Users/a123/Desktop/italbazar autotests/node_modules/puppeteer/src/common/FrameManager.ts:162:7)
                    at Frame.goto (/Users/a123/Desktop/italbazar autotests/node_modules/puppeteer/src/common/FrameManager.ts:643:37)
                    at Page.goto (/Users/a123/Desktop/italbazar autotests/node_modules/puppeteer/src/common/Page.ts:1734:49)
                    at MainPage.visit (/Users/a123/Desktop/italbazar autotests/pages/MainPage.js:8:20)
                    at Object.&lt;anonymous> (/Users/a123/Desktop/italbazar autotests/tests/checking-navbar-Mainpage.test.js:42:24)
                    at Object.asyncJestTest (/Users/a123/Desktop/italbazar autotests/node_modules/jest-jasmine2/build/jasmineAsyncInstall.js:173:37)
                    at /Users/a123/Desktop/italbazar autotests/node_modules/jest-jasmine2/build/queueRunner.js:89:12
                    at new Promise (&lt;anonymous>)</stack-trace>
            </failure>
        </test-case>
    </test-cases>
</ns2:test-suite>